<?xml version="1.0" encoding="UTF-8"?>
<!-- Generated by org.testng.reporters.JUnitReportReporter -->
<testsuite hostname="DESKTOP-RL6VASP" failures="0" tests="1" name="com.automation.testscripts.in.TestCase2_CountProductOverpriced" time="30.533" errors="0" timestamp="2024-02-17T18:45:28 IST" skipped="0">
  <testcase classname="com.automation.testscripts.in.TestCase2_CountProductOverpriced" name="OverPriced" time="30.533"/>
</testsuite> <!-- com.automation.testscripts.in.TestCase2_CountProductOverpriced -->
