<?xml version="1.0" encoding="UTF-8"?>
<!-- Generated by org.testng.reporters.JUnitReportReporter -->
<testsuite hostname="DESKTOP-RL6VASP" failures="0" tests="1" name="com.automation.testscripts.in.TestCase5_RelationshipChart" time="16.180" errors="0" timestamp="2024-02-18T18:19:29 IST" skipped="0">
  <testcase classname="com.automation.testscripts.in.TestCase5_RelationshipChart" name="operationRelationshipChart" time="16.180"/>
</testsuite> <!-- com.automation.testscripts.in.TestCase5_RelationshipChart -->
