<?xml version="1.0" encoding="UTF-8"?>
<!-- Generated by org.testng.reporters.JUnitReportReporter -->
<testsuite hostname="DESKTOP-RL6VASP" failures="0" tests="1" name="com.automation.testscripts.in.SampleTest" time="14.963" errors="0" timestamp="2024-02-18T18:32:33 IST" skipped="0">
  <testcase classname="com.automation.testscripts.in.SampleTest" name="TestMethod" time="14.963"/>
</testsuite> <!-- com.automation.testscripts.in.SampleTest -->
