<?xml version="1.0" encoding="UTF-8"?>
<!-- Generated by org.testng.reporters.JUnitReportReporter -->
<testsuite hostname="DESKTOP-RL6VASP" failures="0" tests="1" name="com.automation.testscripts.in.TestCase4_DifferenceIcon" time="23.267" errors="0" timestamp="2024-02-18T14:36:33 IST" skipped="0">
  <testcase classname="com.automation.testscripts.in.TestCase4_DifferenceIcon" name="checkDifferenceIcon" time="23.267"/>
</testsuite> <!-- com.automation.testscripts.in.TestCase4_DifferenceIcon -->
