<?xml version="1.0" encoding="UTF-8"?>
<!-- Generated by org.testng.reporters.JUnitReportReporter -->
<testsuite hostname="DESKTOP-RL6VASP" failures="0" tests="1" name="com.automation.testscripts.in.TestCase1_CountProductCompareTab" time="36.065" errors="0" timestamp="2024-02-17T18:45:28 IST" skipped="0">
  <testcase classname="com.automation.testscripts.in.TestCase1_CountProductCompareTab" name="clickOnItem" time="36.065"/>
</testsuite> <!-- com.automation.testscripts.in.TestCase1_CountProductCompareTab -->
